<?xml version="1.0" encoding="UTF-8"?>
<testng-results ignored="0" total="1" passed="1" failed="0" skipped="0">
  <reporter-output>
  </reporter-output>
  <suite started-at="2022-04-27T09:47:46 IST" name="Default suite" finished-at="2022-04-27T09:48:26 IST" duration-ms="40281">
    <groups>
    </groups>
    <test started-at="2022-04-27T09:47:46 IST" name="Default test" finished-at="2022-04-27T09:48:26 IST" duration-ms="40281">
      <class name="Test.EbayTest">
        <test-method is-config="true" signature="beforeTest()[pri:0, instance:Test.EbayTest@3514a4c0]" started-at="2022-04-27T09:47:46 IST" name="beforeTest" finished-at="2022-04-27T09:48:14 IST" duration-ms="27831" status="PASS">
          <reporter-output>
          </reporter-output>
        </test-method> <!-- beforeTest -->
        <test-method signature="log()[pri:0, instance:Test.EbayTest@3514a4c0]" started-at="2022-04-27T09:48:14 IST" name="log" finished-at="2022-04-27T09:48:19 IST" duration-ms="5073" status="PASS">
          <reporter-output>
          </reporter-output>
        </test-method> <!-- log -->
        <test-method is-config="true" signature="afterMethod()[pri:0, instance:Test.EbayTest@3514a4c0]" started-at="2022-04-27T09:48:19 IST" name="afterMethod" finished-at="2022-04-27T09:48:19 IST" duration-ms="2" status="PASS">
          <reporter-output>
          </reporter-output>
        </test-method> <!-- afterMethod -->
        <test-method is-config="true" signature="afterTest()[pri:0, instance:Test.EbayTest@3514a4c0]" started-at="2022-04-27T09:48:19 IST" name="afterTest" finished-at="2022-04-27T09:48:26 IST" duration-ms="7323" status="PASS">
          <reporter-output>
          </reporter-output>
        </test-method> <!-- afterTest -->
      </class> <!-- Test.EbayTest -->
    </test> <!-- Default test -->
  </suite> <!-- Default suite -->
</testng-results>
