<?xml version="1.0" encoding="UTF-8"?>
<!-- Generated by org.testng.reporters.JUnitXMLReporter -->
<testsuite ignored="2" hostname="admin-PC" failures="4" tests="4" name="Test" time="36.482" errors="0" timestamp="2022-04-28T20:18:00 IST">
  <testcase classname="POMProject.Script.LoginTest" name="invalidUserNamenInvalidPassword" time="0.096">
    <failure type="java.lang.IncompatibleClassChangeError" message="Found interface org.apache.poi.util.POILogger, but class was expected">
      <![CDATA[java.lang.IncompatibleClassChangeError: Found interface org.apache.poi.util.POILogger, but class was expected
at org.apache.poi.openxml4j.util.ZipSecureFile$1.run(ZipSecureFile.java:186)
at org.apache.poi.openxml4j.util.ZipSecureFile$1.run(ZipSecureFile.java:173)
at java.base/java.security.AccessController.doPrivileged(AccessController.java:318)
at org.apache.poi.openxml4j.util.ZipSecureFile.addThreshold(ZipSecureFile.java:173)
at org.apache.poi.openxml4j.opc.internal.ZipHelper.openZipStream(ZipHelper.java:213)
at org.apache.poi.openxml4j.opc.ZipPackage.<init>(ZipPackage.java:98)
at org.apache.poi.openxml4j.opc.OPCPackage.open(OPCPackage.java:324)
at org.apache.poi.util.PackageHelper.open(PackageHelper.java:37)
at org.apache.poi.xssf.usermodel.XSSFWorkbook.<init>(XSSFWorkbook.java:295)
at POMProject.utilities.ExcelUtilities.excelStringFinder(ExcelUtilities.java:19)
at POMProject.Script.LoginTest.invalidUserNamenInvalidPassword(LoginTest.java:16)
at java.base/java.util.ArrayList.forEach(ArrayList.java:1511)
... Removed 27 stack frames]]>
    </failure>
  </testcase> <!-- invalidUserNamenInvalidPassword -->
  <testcase classname="POMProject.Script.LoginTest" name="invalidUserNamenValidPassword" time="0.003">
    <failure type="java.lang.IncompatibleClassChangeError" message="Found interface org.apache.poi.util.POILogger, but class was expected">
      <![CDATA[java.lang.IncompatibleClassChangeError: Found interface org.apache.poi.util.POILogger, but class was expected
at org.apache.poi.openxml4j.util.ZipSecureFile$1.run(ZipSecureFile.java:186)
at org.apache.poi.openxml4j.util.ZipSecureFile$1.run(ZipSecureFile.java:173)
at java.base/java.security.AccessController.doPrivileged(AccessController.java:318)
at org.apache.poi.openxml4j.util.ZipSecureFile.addThreshold(ZipSecureFile.java:173)
at org.apache.poi.openxml4j.opc.internal.ZipHelper.openZipStream(ZipHelper.java:213)
at org.apache.poi.openxml4j.opc.ZipPackage.<init>(ZipPackage.java:98)
at org.apache.poi.openxml4j.opc.OPCPackage.open(OPCPackage.java:324)
at org.apache.poi.util.PackageHelper.open(PackageHelper.java:37)
at org.apache.poi.xssf.usermodel.XSSFWorkbook.<init>(XSSFWorkbook.java:295)
at POMProject.utilities.ExcelUtilities.excelStringFinder(ExcelUtilities.java:19)
at POMProject.Script.LoginTest.invalidUserNamenValidPassword(LoginTest.java:28)
at java.base/java.util.ArrayList.forEach(ArrayList.java:1511)
... Removed 27 stack frames]]>
    </failure>
  </testcase> <!-- invalidUserNamenValidPassword -->
  <testcase classname="POMProject.Script.LoginTest" name="validUserNamenInvalidPassword" time="0.004">
    <failure type="java.lang.IncompatibleClassChangeError" message="Found interface org.apache.poi.util.POILogger, but class was expected">
      <![CDATA[java.lang.IncompatibleClassChangeError: Found interface org.apache.poi.util.POILogger, but class was expected
at org.apache.poi.openxml4j.util.ZipSecureFile$1.run(ZipSecureFile.java:186)
at org.apache.poi.openxml4j.util.ZipSecureFile$1.run(ZipSecureFile.java:173)
at java.base/java.security.AccessController.doPrivileged(AccessController.java:318)
at org.apache.poi.openxml4j.util.ZipSecureFile.addThreshold(ZipSecureFile.java:173)
at org.apache.poi.openxml4j.opc.internal.ZipHelper.openZipStream(ZipHelper.java:213)
at org.apache.poi.openxml4j.opc.ZipPackage.<init>(ZipPackage.java:98)
at org.apache.poi.openxml4j.opc.OPCPackage.open(OPCPackage.java:324)
at org.apache.poi.util.PackageHelper.open(PackageHelper.java:37)
at org.apache.poi.xssf.usermodel.XSSFWorkbook.<init>(XSSFWorkbook.java:295)
at POMProject.utilities.ExcelUtilities.excelStringFinder(ExcelUtilities.java:19)
at POMProject.Script.LoginTest.validUserNamenInvalidPassword(LoginTest.java:40)
at java.base/java.util.ArrayList.forEach(ArrayList.java:1511)
... Removed 27 stack frames]]>
    </failure>
  </testcase> <!-- validUserNamenInvalidPassword -->
  <testcase classname="POMProject.Script.LoginTest" name="ValidUserNamenValidPassword" time="0.002">
    <failure type="java.lang.IncompatibleClassChangeError" message="Found interface org.apache.poi.util.POILogger, but class was expected">
      <![CDATA[java.lang.IncompatibleClassChangeError: Found interface org.apache.poi.util.POILogger, but class was expected
at org.apache.poi.openxml4j.util.ZipSecureFile$1.run(ZipSecureFile.java:186)
at org.apache.poi.openxml4j.util.ZipSecureFile$1.run(ZipSecureFile.java:173)
at java.base/java.security.AccessController.doPrivileged(AccessController.java:318)
at org.apache.poi.openxml4j.util.ZipSecureFile.addThreshold(ZipSecureFile.java:173)
at org.apache.poi.openxml4j.opc.internal.ZipHelper.openZipStream(ZipHelper.java:213)
at org.apache.poi.openxml4j.opc.ZipPackage.<init>(ZipPackage.java:98)
at org.apache.poi.openxml4j.opc.OPCPackage.open(OPCPackage.java:324)
at org.apache.poi.util.PackageHelper.open(PackageHelper.java:37)
at org.apache.poi.xssf.usermodel.XSSFWorkbook.<init>(XSSFWorkbook.java:295)
at POMProject.utilities.ExcelUtilities.excelStringFinder(ExcelUtilities.java:19)
at POMProject.Script.LoginTest.ValidUserNamenValidPassword(LoginTest.java:52)
at java.base/java.util.ArrayList.forEach(ArrayList.java:1511)
... Removed 27 stack frames]]>
    </failure>
  </testcase> <!-- ValidUserNamenValidPassword -->
  <testcase classname="POMProject.Script.LoginBase" name="@AfterTest afterTest" time="0.0">
    <ignored/>
  </testcase> <!-- @AfterTest afterTest -->
  <testcase classname="POMProject.Script.LoginBase" name="@BeforeTest beforeTest" time="0.0">
    <ignored/>
  </testcase> <!-- @BeforeTest beforeTest -->
</testsuite> <!-- Test -->
