<?xml version="1.0" encoding="UTF-8"?>
<!-- Generated by org.testng.reporters.JUnitXMLReporter -->
<testsuite hostname="admin-PC" ignored="2" name="Test" tests="6" failures="0" timestamp="30 May 2022 05:16:38 GMT" time="48.536" errors="0">
  <testcase name="validUserValidPass" time="9.731" classname="Project.Script.SanityTestofCRM"/>
  <testcase name="homeLogin" time="0.944" classname="Project.Script.SanityTestofCRM"/>
  <testcase name="contSelect" time="3.871" classname="Project.Script.SanityTestofCRM"/>
  <testcase name="contSel" time="2.272" classname="Project.Script.RegressionTestofCRM"/>
  <testcase name="scrollPage" time="0.128" classname="Project.Script.RegressionTestofCRM"/>
  <testcase name="contactDetailsAdd1" time="6.73" classname="Project.Script.RegressionTestofCRM"/>
  <testcase name="@BeforeTest beforeTest" time="0.0" classname="Project.Script.BasePageofCRM">
    <ignored/>
  </testcase> <!-- @BeforeTest beforeTest -->
  <testcase name="@AfterTest afterTest" time="0.0" classname="Project.Script.BasePageofCRM">
    <ignored/>
  </testcase> <!-- @AfterTest afterTest -->
</testsuite> <!-- Test -->
