<?xml version="1.0" encoding="UTF-8"?>
<!-- Generated by org.testng.reporters.JUnitXMLReporter -->
<testsuite hostname="admin-PC" ignored="2" name="Test1" tests="6" failures="0" timestamp="30 May 2022 05:17:41 GMT" time="63.119" errors="0">
  <testcase name="validUserValidPass" time="9.694" classname="Project.Script.SanityTestofCRM"/>
  <testcase name="homeLogin" time="4.502" classname="Project.Script.SanityTestofCRM"/>
  <testcase name="contSelect" time="3.96" classname="Project.Script.SanityTestofCRM"/>
  <testcase name="contSel" time="2.489" classname="Project.Script.RegressionTestofCRM"/>
  <testcase name="scrollPage" time="0.123" classname="Project.Script.RegressionTestofCRM"/>
  <testcase name="contactDetailsAdd1" time="8.351" classname="Project.Script.RegressionTestofCRM"/>
  <testcase name="@BeforeTest beforeTest" time="0.0" classname="Project.Script.BasePageofCRM">
    <ignored/>
  </testcase> <!-- @BeforeTest beforeTest -->
  <testcase name="@AfterTest afterTest" time="0.0" classname="Project.Script.BasePageofCRM">
    <ignored/>
  </testcase> <!-- @AfterTest afterTest -->
</testsuite> <!-- Test1 -->
