<?xml version="1.0" encoding="UTF-8"?>
<testng-results skipped="0" failed="0" ignored="0" total="1" passed="1">
  <reporter-output>
  </reporter-output>
  <suite name="Default suite" duration-ms="55658" started-at="2022-07-22T10:40:04 IST" finished-at="2022-07-22T10:41:00 IST">
    <groups>
    </groups>
    <test name="Default test" duration-ms="55658" started-at="2022-07-22T10:40:04 IST" finished-at="2022-07-22T10:41:00 IST">
      <class name="Exmaple.DropListTesting">
        <test-method status="PASS" signature="beforeTest()[pri:0, instance:Exmaple.DropListTesting@3d921e20]" name="beforeTest" is-config="true" duration-ms="43542" started-at="2022-07-22T10:40:04 IST" finished-at="2022-07-22T10:40:47 IST">
          <reporter-output>
          </reporter-output>
        </test-method> <!-- beforeTest -->
        <test-method status="PASS" signature="f()[pri:0, instance:Exmaple.DropListTesting@3d921e20]" name="f" duration-ms="9675" started-at="2022-07-22T10:40:48 IST" finished-at="2022-07-22T10:40:58 IST">
          <reporter-output>
          </reporter-output>
        </test-method> <!-- f -->
        <test-method status="PASS" signature="afterTest()[pri:0, instance:Exmaple.DropListTesting@3d921e20]" name="afterTest" is-config="true" duration-ms="1413" started-at="2022-07-22T10:40:58 IST" finished-at="2022-07-22T10:41:00 IST">
          <reporter-output>
          </reporter-output>
        </test-method> <!-- afterTest -->
      </class> <!-- Exmaple.DropListTesting -->
    </test> <!-- Default test -->
  </suite> <!-- Default suite -->
</testng-results>
