<?xml version="1.0" encoding="UTF-8"?>
<!-- Generated by org.testng.reporters.JUnitXMLReporter -->
<testsuite hostname="admin-PC" ignored="2" name="Test1" tests="6" failures="0" timestamp="06 Jun 2022 05:30:06 GMT" time="162.505" errors="0">
  <testcase name="validUserValidPass" time="13.583" classname="Project.Script.SanityTestofCRM"/>
  <testcase name="homeLogin" time="3.451" classname="Project.Script.SanityTestofCRM"/>
  <testcase name="contSelect" time="8.006" classname="Project.Script.SanityTestofCRM"/>
  <testcase name="contSel" time="2.957" classname="Project.Script.RegressionTestofCRM"/>
  <testcase name="scrollPage" time="0.624" classname="Project.Script.RegressionTestofCRM"/>
  <testcase name="contactDetailsAdd1" time="6.935" classname="Project.Script.RegressionTestofCRM"/>
  <testcase name="@BeforeTest beforeTest" time="0.0" classname="Project.Script.BasePageofCRM">
    <ignored/>
  </testcase> <!-- @BeforeTest beforeTest -->
  <testcase name="@AfterTest afterTest" time="0.0" classname="Project.Script.BasePageofCRM">
    <ignored/>
  </testcase> <!-- @AfterTest afterTest -->
</testsuite> <!-- Test1 -->
